<?xml version="1.0" encoding="UTF-8"?>
<!-- Generated by org.testng.reporters.JUnitReportReporter -->
<testsuite hostname="AlekyaKrishna" name="TestApplication" tests="1" failures="0" timestamp="14 Dec 2017 00:16:19 GMT" time="30.995" errors="0">
  <testcase name="loginFacebook" time="30.995" classname="TestApplication"/>
</testsuite> <!-- TestApplication -->
